[INFO] Scanning for projects...
[INFO] 
[INFO] ------< com.dikshanta.restaurant.management.system:group_project >------
[INFO] Building group_project 0.0.1-SNAPSHOT
[INFO]   from pom.xml
[INFO] --------------------------------[ jar ]---------------------------------
[INFO] 
[INFO] --- resources:3.3.1:resources (default-resources) @ group_project ---
[INFO] Copying 2 resources from src\main\resources to target\classes
[INFO] Copying 0 resource from src\main\resources to target\classes
[INFO] 
[INFO] --- compiler:3.14.1:compile (default-compile) @ group_project ---
[INFO] Recompiling the module because of changed source code.
[INFO] Compiling 93 source files with javac [debug parameters release 21] to target\classes
[INFO] /C:/Users/diksh/OneDrive/Desktop/SYP/group_project/src/main/java/com/dikshanta/restaurant/management/system/group_project/controller/HealthController.java: Some input files use preview features of Java SE 21.
[INFO] /C:/Users/diksh/OneDrive/Desktop/SYP/group_project/src/main/java/com/dikshanta/restaurant/management/system/group_project/controller/HealthController.java: Recompile with -Xlint:preview for details.
[INFO] Some messages have been simplified; recompile with -Xdiags:verbose to get full output
[INFO] -------------------------------------------------------------
[WARNING] COMPILATION WARNING : 
[INFO] -------------------------------------------------------------
[WARNING] /C:/Users/diksh/OneDrive/Desktop/SYP/group_project/src/main/java/com/dikshanta/restaurant/management/system/group_project/model/entities/OrderItem.java:[28,25] @Builder will ignore the initializing expression entirely. If you want the initializing expression to serve as default, add @Builder.Default. If it is not supposed to be settable during building, make the field final.
[WARNING] /C:/Users/diksh/OneDrive/Desktop/SYP/group_project/src/main/java/com/dikshanta/restaurant/management/system/group_project/model/entities/Payment.java:[30,27] @Builder will ignore the initializing expression entirely. If you want the initializing expression to serve as default, add @Builder.Default. If it is not supposed to be settable during building, make the field final.
[WARNING] /C:/Users/diksh/OneDrive/Desktop/SYP/group_project/src/main/java/com/dikshanta/restaurant/management/system/group_project/model/entities/FoodItem.java:[30,21] @Builder will ignore the initializing expression entirely. If you want the initializing expression to serve as default, add @Builder.Default. If it is not supposed to be settable during building, make the field final.
[WARNING] /C:/Users/diksh/OneDrive/Desktop/SYP/group_project/src/main/java/com/dikshanta/restaurant/management/system/group_project/model/entities/FoodItem.java:[41,28] @Builder will ignore the initializing expression entirely. If you want the initializing expression to serve as default, add @Builder.Default. If it is not supposed to be settable during building, make the field final.
[WARNING] /C:/Users/diksh/OneDrive/Desktop/SYP/group_project/src/main/java/com/dikshanta/restaurant/management/system/group_project/model/entities/FoodItem.java:[44,29] @Builder will ignore the initializing expression entirely. If you want the initializing expression to serve as default, add @Builder.Default. If it is not supposed to be settable during building, make the field final.
[WARNING] /C:/Users/diksh/OneDrive/Desktop/SYP/group_project/src/main/java/com/dikshanta/restaurant/management/system/group_project/model/entities/FoodItem.java:[47,26] @Builder will ignore the initializing expression entirely. If you want the initializing expression to serve as default, add @Builder.Default. If it is not supposed to be settable during building, make the field final.
[WARNING] /C:/Users/diksh/OneDrive/Desktop/SYP/group_project/src/main/java/com/dikshanta/restaurant/management/system/group_project/model/entities/Cart.java:[30,28] @Builder will ignore the initializing expression entirely. If you want the initializing expression to serve as default, add @Builder.Default. If it is not supposed to be settable during building, make the field final.
[WARNING] /C:/Users/diksh/OneDrive/Desktop/SYP/group_project/src/main/java/com/dikshanta/restaurant/management/system/group_project/model/entities/Restaurant.java:[31,30] @Builder will ignore the initializing expression entirely. If you want the initializing expression to serve as default, add @Builder.Default. If it is not supposed to be settable during building, make the field final.
[WARNING] /C:/Users/diksh/OneDrive/Desktop/SYP/group_project/src/main/java/com/dikshanta/restaurant/management/system/group_project/model/entities/Restaurant.java:[42,28] @Builder will ignore the initializing expression entirely. If you want the initializing expression to serve as default, add @Builder.Default. If it is not supposed to be settable during building, make the field final.
[WARNING] /C:/Users/diksh/OneDrive/Desktop/SYP/group_project/src/main/java/com/dikshanta/restaurant/management/system/group_project/model/entities/Restaurant.java:[45,29] @Builder will ignore the initializing expression entirely. If you want the initializing expression to serve as default, add @Builder.Default. If it is not supposed to be settable during building, make the field final.
[WARNING] /C:/Users/diksh/OneDrive/Desktop/SYP/group_project/src/main/java/com/dikshanta/restaurant/management/system/group_project/model/entities/Restaurant.java:[48,26] @Builder will ignore the initializing expression entirely. If you want the initializing expression to serve as default, add @Builder.Default. If it is not supposed to be settable during building, make the field final.
[WARNING] /C:/Users/diksh/OneDrive/Desktop/SYP/group_project/src/main/java/com/dikshanta/restaurant/management/system/group_project/model/entities/User.java:[35,30] @Builder will ignore the initializing expression entirely. If you want the initializing expression to serve as default, add @Builder.Default. If it is not supposed to be settable during building, make the field final.
[WARNING] /C:/Users/diksh/OneDrive/Desktop/SYP/group_project/src/main/java/com/dikshanta/restaurant/management/system/group_project/model/entities/Category.java:[31,28] @Builder will ignore the initializing expression entirely. If you want the initializing expression to serve as default, add @Builder.Default. If it is not supposed to be settable during building, make the field final.
[WARNING] /C:/Users/diksh/OneDrive/Desktop/SYP/group_project/src/main/java/com/dikshanta/restaurant/management/system/group_project/model/entities/Order.java:[30,25] @Builder will ignore the initializing expression entirely. If you want the initializing expression to serve as default, add @Builder.Default. If it is not supposed to be settable during building, make the field final.
[WARNING] /C:/Users/diksh/OneDrive/Desktop/SYP/group_project/src/main/java/com/dikshanta/restaurant/management/system/group_project/model/entities/Order.java:[41,29] @Builder will ignore the initializing expression entirely. If you want the initializing expression to serve as default, add @Builder.Default. If it is not supposed to be settable during building, make the field final.
[WARNING] /C:/Users/diksh/OneDrive/Desktop/SYP/group_project/src/main/java/com/dikshanta/restaurant/management/system/group_project/model/entities/Review.java:[12,1] Generating equals/hashCode implementation but without a call to superclass, even though this class does not extend java.lang.Object. If this is intentional, add '@EqualsAndHashCode(callSuper=false)' to your type.
[WARNING] /C:/Users/diksh/OneDrive/Desktop/SYP/group_project/src/main/java/com/dikshanta/restaurant/management/system/group_project/model/entities/FoodItem.java:[16,1] Generating equals/hashCode implementation but without a call to superclass, even though this class does not extend java.lang.Object. If this is intentional, add '@EqualsAndHashCode(callSuper=false)' to your type.
[WARNING] /C:/Users/diksh/OneDrive/Desktop/SYP/group_project/src/main/java/com/dikshanta/restaurant/management/system/group_project/model/entities/Cart.java:[15,1] Generating equals/hashCode implementation but without a call to superclass, even though this class does not extend java.lang.Object. If this is intentional, add '@EqualsAndHashCode(callSuper=false)' to your type.
[WARNING] /C:/Users/diksh/OneDrive/Desktop/SYP/group_project/src/main/java/com/dikshanta/restaurant/management/system/group_project/model/entities/Restaurant.java:[16,1] Generating equals/hashCode implementation but without a call to superclass, even though this class does not extend java.lang.Object. If this is intentional, add '@EqualsAndHashCode(callSuper=false)' to your type.
[WARNING] /C:/Users/diksh/OneDrive/Desktop/SYP/group_project/src/main/java/com/dikshanta/restaurant/management/system/group_project/model/entities/Category.java:[17,1] Generating equals/hashCode implementation but without a call to superclass, even though this class does not extend java.lang.Object. If this is intentional, add '@EqualsAndHashCode(callSuper=false)' to your type.
[WARNING] /C:/Users/diksh/OneDrive/Desktop/SYP/group_project/src/main/java/com/dikshanta/restaurant/management/system/group_project/model/entities/Order.java:[17,1] Generating equals/hashCode implementation but without a call to superclass, even though this class does not extend java.lang.Object. If this is intentional, add '@EqualsAndHashCode(callSuper=false)' to your type.
[INFO] 21 warnings 
[INFO] -------------------------------------------------------------
[INFO] -------------------------------------------------------------
[ERROR] COMPILATION ERROR : 
[INFO] -------------------------------------------------------------
[ERROR] /C:/Users/diksh/OneDrive/Desktop/SYP/group_project/src/main/java/com/dikshanta/restaurant/management/system/group_project/service/FoodItemService.java:[118,86] incompatible types: bad type in conditional expression
    com.dikshanta.restaurant.management.system.group_project.enums.FoodCategory cannot be converted to java.lang.String
[ERROR] /C:/Users/diksh/OneDrive/Desktop/SYP/group_project/src/main/java/com/dikshanta/restaurant/management/system/group_project/service/OrderService.java:[117,33] cannot find symbol
  symbol:   method getCreatedAt()
  location: variable order of type com.dikshanta.restaurant.management.system.group_project.model.entities.Order
[ERROR] /C:/Users/diksh/OneDrive/Desktop/SYP/group_project/src/main/java/com/dikshanta/restaurant/management/system/group_project/service/PaymentService.java:[37,17] cannot find symbol
  symbol:   method paymentMethod(java.lang.String)
  location: class com.dikshanta.restaurant.management.system.group_project.model.entities.Payment.PaymentBuilder
[ERROR] /C:/Users/diksh/OneDrive/Desktop/SYP/group_project/src/main/java/com/dikshanta/restaurant/management/system/group_project/service/PaymentService.java:[46,36] cannot find symbol
  symbol:   variable CONFIRMED
  location: class com.dikshanta.restaurant.management.system.group_project.enums.OrderStatus
[ERROR] /C:/Users/diksh/OneDrive/Desktop/SYP/group_project/src/main/java/com/dikshanta/restaurant/management/system/group_project/service/PaymentService.java:[63,42] incompatible types: com.dikshanta.restaurant.management.system.group_project.enums.PaymentStatus cannot be converted to java.lang.String
[ERROR] /C:/Users/diksh/OneDrive/Desktop/SYP/group_project/src/main/java/com/dikshanta/restaurant/management/system/group_project/service/PaymentService.java:[64,39] cannot find symbol
  symbol:   method getPaymentMethod()
  location: variable payment of type com.dikshanta.restaurant.management.system.group_project.model.entities.Payment
[ERROR] /C:/Users/diksh/OneDrive/Desktop/SYP/group_project/src/main/java/com/dikshanta/restaurant/management/system/group_project/service/PaymentService.java:[66,35] cannot find symbol
  symbol:   method getCreatedAt()
  location: variable payment of type com.dikshanta.restaurant.management.system.group_project.model.entities.Payment
[ERROR] /C:/Users/diksh/OneDrive/Desktop/SYP/group_project/src/main/java/com/dikshanta/restaurant/management/system/group_project/service/ReviewService.java:[84,34] cannot find symbol
  symbol:   method getCreatedAt()
  location: variable review of type com.dikshanta.restaurant.management.system.group_project.model.entities.Review
[INFO] 8 errors 
[INFO] -------------------------------------------------------------
[INFO] ------------------------------------------------------------------------
[INFO] BUILD FAILURE
[INFO] ------------------------------------------------------------------------
[INFO] Total time:  3.625 s
[INFO] Finished at: 2026-03-17T07:58:56+05:45
[INFO] ------------------------------------------------------------------------
[ERROR] Failed to execute goal org.apache.maven.plugins:maven-compiler-plugin:3.14.1:compile (default-compile) on project group_project: Compilation failure: Compilation failure: 
[ERROR] /C:/Users/diksh/OneDrive/Desktop/SYP/group_project/src/main/java/com/dikshanta/restaurant/management/system/group_project/service/FoodItemService.java:[118,86] incompatible types: bad type in conditional expression
[ERROR]     com.dikshanta.restaurant.management.system.group_project.enums.FoodCategory cannot be converted to java.lang.String
[ERROR] /C:/Users/diksh/OneDrive/Desktop/SYP/group_project/src/main/java/com/dikshanta/restaurant/management/system/group_project/service/OrderService.java:[117,33] cannot find symbol
[ERROR]   symbol:   method getCreatedAt()
[ERROR]   location: variable order of type com.dikshanta.restaurant.management.system.group_project.model.entities.Order
[ERROR] /C:/Users/diksh/OneDrive/Desktop/SYP/group_project/src/main/java/com/dikshanta/restaurant/management/system/group_project/service/PaymentService.java:[37,17] cannot find symbol
[ERROR]   symbol:   method paymentMethod(java.lang.String)
[ERROR]   location: class com.dikshanta.restaurant.management.system.group_project.model.entities.Payment.PaymentBuilder
[ERROR] /C:/Users/diksh/OneDrive/Desktop/SYP/group_project/src/main/java/com/dikshanta/restaurant/management/system/group_project/service/PaymentService.java:[46,36] cannot find symbol
[ERROR]   symbol:   variable CONFIRMED
[ERROR]   location: class com.dikshanta.restaurant.management.system.group_project.enums.OrderStatus
[ERROR] /C:/Users/diksh/OneDrive/Desktop/SYP/group_project/src/main/java/com/dikshanta/restaurant/management/system/group_project/service/PaymentService.java:[63,42] incompatible types: com.dikshanta.restaurant.management.system.group_project.enums.PaymentStatus cannot be converted to java.lang.String
[ERROR] /C:/Users/diksh/OneDrive/Desktop/SYP/group_project/src/main/java/com/dikshanta/restaurant/management/system/group_project/service/PaymentService.java:[64,39] cannot find symbol
[ERROR]   symbol:   method getPaymentMethod()
[ERROR]   location: variable payment of type com.dikshanta.restaurant.management.system.group_project.model.entities.Payment
[ERROR] /C:/Users/diksh/OneDrive/Desktop/SYP/group_project/src/main/java/com/dikshanta/restaurant/management/system/group_project/service/PaymentService.java:[66,35] cannot find symbol
[ERROR]   symbol:   method getCreatedAt()
[ERROR]   location: variable payment of type com.dikshanta.restaurant.management.system.group_project.model.entities.Payment
[ERROR] /C:/Users/diksh/OneDrive/Desktop/SYP/group_project/src/main/java/com/dikshanta/restaurant/management/system/group_project/service/ReviewService.java:[84,34] cannot find symbol
[ERROR]   symbol:   method getCreatedAt()
[ERROR]   location: variable review of type com.dikshanta.restaurant.management.system.group_project.model.entities.Review
[ERROR] -> [Help 1]
[ERROR] 
[ERROR] To see the full stack trace of the errors, re-run Maven with the -e switch.
[ERROR] Re-run Maven using the -X switch to enable full debug logging.
[ERROR] 
[ERROR] For more information about the errors and possible solutions, please read the following articles:
[ERROR] [Help 1] http://cwiki.apache.org/confluence/display/MAVEN/MojoFailureException
